Football_Scores-master/app/build/outputs/logs/manifest-merger-debug-report.txt
-- Merging decision tree log ---
manifest
ADDED from src\main\AndroidManifest.xml:2:1-54:12
	package
		ADDED from src\main\AndroidManifest.xml:3:5-38
		INJECTED from src\main\AndroidManifest.xml
		INJECTED from src\main\AndroidManifest.xml
	android:versionName
		INJECTED from src\main\AndroidManifest.xml
		INJECTED from src\main\AndroidManifest.xml
	xmlns:android
		ADDED from src\main\AndroidManifest.xml:2:11-69
	android:versionCode
		INJECTED from src\main\AndroidManifest.xml
		INJECTED from src\main\AndroidManifest.xml
uses-permission#android.permission.INTERNET
ADDED from src\main\AndroidManifest.xml:5:5-7:38
	android:maxSdkVersion
		ADDED from src\main\AndroidManifest.xml:7:9-35
	android:name
		ADDED from src\main\AndroidManifest.xml:6:9-51
uses-permission#android.permission.ACCESS_NETWORK_STATE
ADDED from src\main\AndroidManifest.xml:8:5-79
	android:name
		ADDED from src\main\AndroidManifest.xml:8:22-76
application
ADDED from src\main\AndroidManifest.xml:10:5-52:19
MERGED from [com.android.support:appcompat-v7:21.0.3] AndroidManifest.xml:16:5-19
MERGED from [com.android.support:support-v4:21.0.3] AndroidManifest.xml:16:5-19
	android:label
		ADDED from src\main\AndroidManifest.xml:13:9-41
	android:supportsRtl
		ADDED from src\main\AndroidManifest.xml:14:9-35
	android:allowBackup
		ADDED from src\main\AndroidManifest.xml:11:9-35
	android:icon
		ADDED from src\main\AndroidManifest.xml:12:9-45
	android:theme
		ADDED from src\main\AndroidManifest.xml:15:9-40
activity#barqsoft.footballscores.MainActivity
ADDED from src\main\AndroidManifest.xml:16:9-24:20
	android:label
		ADDED from src\main\AndroidManifest.xml:18:13-45
	android:name
		ADDED from src\main\AndroidManifest.xml:17:13-41
intent-filter#android.intent.action.MAIN+android.intent.category.LAUNCHER
ADDED from src\main\AndroidManifest.xml:19:13-23:29
action#android.intent.action.MAIN
ADDED from src\main\AndroidManifest.xml:20:17-69
	android:name
		ADDED from src\main\AndroidManifest.xml:20:25-66
category#android.intent.category.LAUNCHER
ADDED from src\main\AndroidManifest.xml:22:17-77
	android:name
		ADDED from src\main\AndroidManifest.xml:22:27-74
provider#barqsoft.footballscores.ScoresProvider
ADDED from src\main\AndroidManifest.xml:26:9-28:61
	android:authorities
		ADDED from src\main\AndroidManifest.xml:28:13-58
	android:name
		ADDED from src\main\AndroidManifest.xml:27:13-43
activity#barqsoft.footballscores.AboutActivity
ADDED from src\main\AndroidManifest.xml:30:9-37:20
	android:label
		ADDED from src\main\AndroidManifest.xml:32:13-34
	android:parentActivityName
		ADDED from src\main\AndroidManifest.xml:33:13-55
	android:name
		ADDED from src\main\AndroidManifest.xml:31:13-42
meta-data#android.support.PARENT_ACTIVITY
ADDED from src\main\AndroidManifest.xml:34:13-36:72
	android:value
		ADDED from src\main\AndroidManifest.xml:36:17-69
	android:name
		ADDED from src\main\AndroidManifest.xml:35:17-63
service#barqsoft.footballscores.service.myFetchService
ADDED from src\main\AndroidManifest.xml:38:9-59
	android:name
		ADDED from src\main\AndroidManifest.xml:38:18-56
activity#barqsoft.footballscores.SettingsAct
ADDED from src\main\AndroidManifest.xml:39:9-49
	android:name
		ADDED from src\main\AndroidManifest.xml:39:19-46
receiver#barqsoft.footballscores.TodayWidgetProvider
ADDED from src\main\AndroidManifest.xml:40:9-50:20
	android:label
		ADDED from src\main\AndroidManifest.xml:42:13-53
	android:name
		ADDED from src\main\AndroidManifest.xml:41:13-48
intent-filter#android.appwidget.action.APPWIDGET_UPDATE+barqsoft.footballscores.ACTION_DATA_UPDATED
ADDED from src\main\AndroidManifest.xml:43:13-46:29
action#android.appwidget.action.APPWIDGET_UPDATE
ADDED from src\main\AndroidManifest.xml:44:17-84
	android:name
		ADDED from src\main\AndroidManifest.xml:44:25-81
action#barqsoft.footballscores.ACTION_DATA_UPDATED
ADDED from src\main\AndroidManifest.xml:45:17-86
	android:name
		ADDED from src\main\AndroidManifest.xml:45:25-83
meta-data#android.appwidget.provider
ADDED from src\main\AndroidManifest.xml:47:13-49:54
	android:resource
		ADDED from src\main\AndroidManifest.xml:49:17-51
	android:name
		ADDED from src\main\AndroidManifest.xml:48:17-58
service#barqsoft.footballscores.WidgetIntentService
ADDED from src\main\AndroidManifest.xml:51:9-56
	android:name
		ADDED from src\main\AndroidManifest.xml:51:18-53
uses-sdk
INJECTED from src\main\AndroidManifest.xml reason: use-sdk injection requested
MERGED from [com.android.support:appcompat-v7:21.0.3] AndroidManifest.xml:15:5-42
MERGED from [com.android.support:support-v4:21.0.3] AndroidManifest.xml:15:5-42
	android:targetSdkVersion
		INJECTED from src\main\AndroidManifest.xml
		INJECTED from src\main\AndroidManifest.xml
	android:minSdkVersion
		INJECTED from src\main\AndroidManifest.xml
		INJECTED from src\main\AndroidManifest.xml